Using pre-set license
Built from '2020.3/staging' branch; Version is '2020.3.11f1 (99c7afb366b3) revision 10078127'; Using compiler version '192528614'; Build Type 'Release'
OS: 'Windows 10 Home; OS build 19041.1110; Version 2004; 64bit' Language: 'ko' Physical Memory: 32697 MB
BatchMode: 1, IsHumanControllingUs: 0, StartBugReporterOnCrash: 0, Is64bit: 1, IsPro: 0

 COMMAND LINE ARGUMENTS:
C:\Program Files\Unity\Hub\Editor\2020.3.11f1\Editor\Unity.exe
-adb2
-batchMode
-noUpm
-name
AssetImportWorker0
-projectPath
C:/Users/user/Documents/GitHub/YoonSangKyeong/Mermaid's_Secret
-logFile
Logs/AssetImportWorker0.log
-srvPort
50444
Successfully changed project path to: C:/Users/user/Documents/GitHub/YoonSangKyeong/Mermaid's_Secret
C:/Users/user/Documents/GitHub/YoonSangKyeong/Mermaid's_Secret
Using Asset Import Pipeline V2.
Refreshing native plugins compatible for Editor in 35.29 ms, found 2 plugins.
Preloading 0 native plugins for Editor in 0.00 ms.
Initialize engine version: 2020.3.11f1 (99c7afb366b3)
[Subsystems] Discovering subsystems at path C:/Program Files/Unity/Hub/Editor/2020.3.11f1/Editor/Data/Resources/UnitySubsystems
[Subsystems] Discovering subsystems at path C:/Users/user/Documents/GitHub/YoonSangKyeong/Mermaid's_Secret/Assets
GfxDevice: creating device client; threaded=0
Direct3D:
    Version:  Direct3D 11.0 [level 11.1]
    Renderer: NVIDIA GeForce GTX 1660 SUPER (ID=0x21c4)
    Vendor:   
    VRAM:     5991 MB
    Driver:   27.21.14.5671
Initialize mono
Mono path[0] = 'C:/Program Files/Unity/Hub/Editor/2020.3.11f1/Editor/Data/Managed'
Mono path[1] = 'C:/Program Files/Unity/Hub/Editor/2020.3.11f1/Editor/Data/MonoBleedingEdge/lib/mono/unityjit'
Mono config path = 'C:/Program Files/Unity/Hub/Editor/2020.3.11f1/Editor/Data/MonoBleedingEdge/etc'
Using monoOptions --debugger-agent=transport=dt_socket,embedding=1,server=y,suspend=n,address=127.0.0.1:56700
Begin MonoManager ReloadAssembly
Registering precompiled unity dll's ...
Register platform support module: C:/Program Files/Unity/Hub/Editor/2020.3.11f1/Editor/Data/PlaybackEngines/WindowsStandaloneSupport/UnityEditor.WindowsStandalone.Extensions.dll
Registered in 0.002899 seconds.
Native extension for WindowsStandalone target not found
Refreshing native plugins compatible for Editor in 32.07 ms, found 2 plugins.
Preloading 0 native plugins for Editor in 0.00 ms.
Mono: successfully reloaded assembly
- Completed reload, in  1.075 seconds
Platform modules already initialized, skipping
Registering precompiled user dll's ...
Registered in 0.006953 seconds.
Begin MonoManager ReloadAssembly
Native extension for WindowsStandalone target not found
Refreshing native plugins compatible for Editor in 0.42 ms, found 2 plugins.
Preloading 0 native plugins for Editor in 0.00 ms.
Mono: successfully reloaded assembly
- Completed reload, in  0.897 seconds
Platform modules already initialized, skipping
========================================================================
Worker process is ready to serve import requests
Launched and connected shader compiler UnityShaderCompiler.exe after 0.05 seconds
Refreshing native plugins compatible for Editor in 0.41 ms, found 2 plugins.
Preloading 0 native plugins for Editor in 0.00 ms.
Unloading 1441 Unused Serialized files (Serialized files now loaded: 0)
System memory in use before: 75.9 MB.
System memory in use after: 75.9 MB.

Unloading 18 unused Assets to reduce memory usage. Loaded Objects now: 1877.
Total: 1.825800 ms (FindLiveObjects: 0.174500 ms CreateObjectMapping: 0.047100 ms MarkObjects: 1.527300 ms  DeleteObjects: 0.075800 ms)

AssetImportParameters requested are different than current active one (requested -> active):
  requireTextureImportCompression: false -> true
========================================================================
Received Import Request.
  path: Assets/New Terrain.asset
  artifactKey: Guid(6bb0c88b7b51c394bab0fa36038baec9) Importer(815301076,1909f56bfc062723c751e8b465ee728b)
Start importing Assets/New Terrain.asset using Guid(6bb0c88b7b51c394bab0fa36038baec9) Importer(815301076,1909f56bfc062723c751e8b465ee728b)  -> (artifact id: '0718e8b38da1f37d91ee38dee685ec7a') in 0.081753 seconds
  Import took 0.084429 seconds .

========================================================================
Received Import Request.
  Time since last request: 0.000216 seconds.
  path: Assets/TerrainData_480dbd8f-8d03-4738-b5a9-265598410c8e.asset
  artifactKey: Guid(154188d3b8dc21245914646d9cce1dbf) Importer(815301076,1909f56bfc062723c751e8b465ee728b)
Start importing Assets/TerrainData_480dbd8f-8d03-4738-b5a9-265598410c8e.asset using Guid(154188d3b8dc21245914646d9cce1dbf) Importer(815301076,1909f56bfc062723c751e8b465ee728b)  -> (artifact id: '3ba8fb412b06d84e88fb391dc549f4d7') in 0.021549 seconds
  Import took 0.023815 seconds .

========================================================================
Received Import Request.
  Time since last request: 0.000232 seconds.
  path: Assets/TerrainData_6d682438-fb8b-4c33-937c-67a4f442a28e.asset
  artifactKey: Guid(a7b2b10b7b44a6b4692fc7773cd3c809) Importer(815301076,1909f56bfc062723c751e8b465ee728b)
Start importing Assets/TerrainData_6d682438-fb8b-4c33-937c-67a4f442a28e.asset using Guid(a7b2b10b7b44a6b4692fc7773cd3c809) Importer(815301076,1909f56bfc062723c751e8b465ee728b)  -> (artifact id: '06a121436cf3ac1a9202d2be0805ad8f') in 0.020223 seconds
  Import took 0.022478 seconds .

========================================================================
Received Import Request.
  Time since last request: 1080.357279 seconds.
  path: Assets/01.Scenes/BJY
  artifactKey: Guid(1911cb63dce0f2b43ac797cc025302af) Importer(815301076,1909f56bfc062723c751e8b465ee728b)
Start importing Assets/01.Scenes/BJY using Guid(1911cb63dce0f2b43ac797cc025302af) Importer(815301076,1909f56bfc062723c751e8b465ee728b)  -> (artifact id: 'deb513c4c7029117518687aa16e94131') in 0.008641 seconds
  Import took 0.011195 seconds .

========================================================================
Received Import Request.
  Time since last request: 0.007945 seconds.
  path: Assets/01.Scenes/BJY
  artifactKey: Guid(1911cb63dce0f2b43ac797cc025302af) Importer(815301076,1909f56bfc062723c751e8b465ee728b)
Start importing Assets/01.Scenes/BJY using Guid(1911cb63dce0f2b43ac797cc025302af) Importer(815301076,1909f56bfc062723c751e8b465ee728b)  -> (artifact id: 'deb513c4c7029117518687aa16e94131') in 0.003386 seconds
  Import took 0.005903 seconds .

========================================================================
Received Import Request.
  Time since last request: 9.090485 seconds.
  path: Assets/01.Scenes/BJY/MainScene.unity
  artifactKey: Guid(58ba6fd762d01be40bd991b9f40f11e8) Importer(815301076,1909f56bfc062723c751e8b465ee728b)
Start importing Assets/01.Scenes/BJY/MainScene.unity using Guid(58ba6fd762d01be40bd991b9f40f11e8) Importer(815301076,1909f56bfc062723c751e8b465ee728b)  -> (artifact id: '444963711eefb539ffaf74b4f0a329e4') in 0.009482 seconds
  Import took 0.012365 seconds .

========================================================================
Received Prepare
Registering precompiled user dll's ...
Registered in 0.005283 seconds.
Begin MonoManager ReloadAssembly
Native extension for WindowsStandalone target not found
Refreshing native plugins compatible for Editor in 0.44 ms, found 2 plugins.
Preloading 0 native plugins for Editor in 0.00 ms.
Mono: successfully reloaded assembly
- Completed reload, in  0.861 seconds
Platform modules already initialized, skipping
Script is not up to date after domain reload: guid(2239b956e6f10db45b6bfa7ac40ac9fe) path("Assets/02.Scripts/BJY/EnemyCtrl.cs") state(2)
Refreshing native plugins compatible for Editor in 0.52 ms, found 2 plugins.
Preloading 0 native plugins for Editor in 0.00 ms.
Unloading 1414 Unused Serialized files (Serialized files now loaded: 0)
System memory in use before: 74.4 MB.
System memory in use after: 74.0 MB.

Unloading 15 unused Assets to reduce memory usage. Loaded Objects now: 1884.
Total: 1.980600 ms (FindLiveObjects: 0.171000 ms CreateObjectMapping: 0.038400 ms MarkObjects: 1.442100 ms  DeleteObjects: 0.327800 ms)

AssetImportParameters requested are different than current active one (requested -> active):
  requireTextureImportCompression: false -> true
========================================================================
Received Prepare
Registering precompiled user dll's ...
Registered in 0.005046 seconds.
Begin MonoManager ReloadAssembly
Native extension for WindowsStandalone target not found
Refreshing native plugins compatible for Editor in 0.43 ms, found 2 plugins.
Preloading 0 native plugins for Editor in 0.00 ms.
Mono: successfully reloaded assembly
- Completed reload, in  0.862 seconds
Platform modules already initialized, skipping
Refreshing native plugins compatible for Editor in 0.42 ms, found 2 plugins.
Preloading 0 native plugins for Editor in 0.00 ms.
Unloading 1415 Unused Serialized files (Serialized files now loaded: 0)
System memory in use before: 73.9 MB.
System memory in use after: 74.0 MB.

Unloading 13 unused Assets to reduce memory usage. Loaded Objects now: 1888.
Total: 2.175900 ms (FindLiveObjects: 0.203800 ms CreateObjectMapping: 0.033300 ms MarkObjects: 1.841100 ms  DeleteObjects: 0.095500 ms)

AssetImportParameters requested are different than current active one (requested -> active):
  requireTextureImportCompression: false -> true
========================================================================
Received Import Request.
  Time since last request: 94.817678 seconds.
  path: Assets/02.Scripts/BJY/Password.cs
  artifactKey: Guid(6663b99f2172be6448a18d904a14b1de) Importer(815301076,1909f56bfc062723c751e8b465ee728b)
Start importing Assets/02.Scripts/BJY/Password.cs using Guid(6663b99f2172be6448a18d904a14b1de) Importer(815301076,1909f56bfc062723c751e8b465ee728b)  -> (artifact id: '954765445635ae5c4cb0e3bc20ea52d4') in 0.020235 seconds
  Import took 0.022835 seconds .

========================================================================
Received Import Request.
  Time since last request: 1.138894 seconds.
  path: Assets/02.Scripts/BJY/Password.cs
  artifactKey: Guid(6663b99f2172be6448a18d904a14b1de) Importer(815301076,1909f56bfc062723c751e8b465ee728b)
Start importing Assets/02.Scripts/BJY/Password.cs using Guid(6663b99f2172be6448a18d904a14b1de) Importer(815301076,1909f56bfc062723c751e8b465ee728b)  -> (artifact id: '954765445635ae5c4cb0e3bc20ea52d4') in 0.002960 seconds
  Import took 0.005302 seconds .

========================================================================
Received Prepare
Registering precompiled user dll's ...
Registered in 0.006083 seconds.
Begin MonoManager ReloadAssembly
Native extension for WindowsStandalone target not found
Refreshing native plugins compatible for Editor in 0.47 ms, found 2 plugins.
Preloading 0 native plugins for Editor in 0.00 ms.
Mono: successfully reloaded assembly
- Completed reload, in  0.812 seconds
Platform modules already initialized, skipping
Refreshing native plugins compatible for Editor in 0.45 ms, found 2 plugins.
Preloading 0 native plugins for Editor in 0.00 ms.
Unloading 1415 Unused Serialized files (Serialized files now loaded: 0)
System memory in use before: 74.0 MB.
System memory in use after: 74.1 MB.

Unloading 13 unused Assets to reduce memory usage. Loaded Objects now: 1891.
Total: 1.598000 ms (FindLiveObjects: 0.159900 ms CreateObjectMapping: 0.031100 ms MarkObjects: 1.393300 ms  DeleteObjects: 0.013000 ms)

AssetImportParameters requested are different than current active one (requested -> active):
  requireTextureImportCompression: false -> true
========================================================================
Received Import Request.
  Time since last request: 16.608904 seconds.
  path: Assets/02.Scripts/Common/Password.cs
  artifactKey: Guid(638b0ae995eab4f4fb73dcb97dde55e7) Importer(815301076,1909f56bfc062723c751e8b465ee728b)
Start importing Assets/02.Scripts/Common/Password.cs using Guid(638b0ae995eab4f4fb73dcb97dde55e7) Importer(815301076,1909f56bfc062723c751e8b465ee728b)  -> (artifact id: 'ddaff8ff43474857aede5c2d1833f991') in 0.005175 seconds
  Import took 0.007610 seconds .

========================================================================
Received Import Request.
  Time since last request: 0.000562 seconds.
  path: Assets/02.Scripts/Common/Password.cs
  artifactKey: Guid(638b0ae995eab4f4fb73dcb97dde55e7) Importer(815301076,1909f56bfc062723c751e8b465ee728b)
Start importing Assets/02.Scripts/Common/Password.cs using Guid(638b0ae995eab4f4fb73dcb97dde55e7) Importer(815301076,1909f56bfc062723c751e8b465ee728b)  -> (artifact id: 'ddaff8ff43474857aede5c2d1833f991') in 0.003111 seconds
  Import took 0.005293 seconds .

========================================================================
Received Prepare
Registering precompiled user dll's ...
Registered in 0.005978 seconds.
Begin MonoManager ReloadAssembly
Native extension for WindowsStandalone target not found
Refreshing native plugins compatible for Editor in 0.41 ms, found 2 plugins.
Preloading 0 native plugins for Editor in 0.00 ms.
Mono: successfully reloaded assembly
- Completed reload, in  0.829 seconds
Platform modules already initialized, skipping
Refreshing native plugins compatible for Editor in 0.45 ms, found 2 plugins.
Preloading 0 native plugins for Editor in 0.00 ms.
Unloading 1415 Unused Serialized files (Serialized files now loaded: 0)
System memory in use before: 74.0 MB.
System memory in use after: 74.1 MB.

Unloading 13 unused Assets to reduce memory usage. Loaded Objects now: 1894.
Total: 1.691700 ms (FindLiveObjects: 0.181500 ms CreateObjectMapping: 0.033500 ms MarkObjects: 1.460300 ms  DeleteObjects: 0.015300 ms)

AssetImportParameters requested are different than current active one (requested -> active):
  requireTextureImportCompression: false -> true
========================================================================
Received Import Request.
  Time since last request: 356.609118 seconds.
  path: Assets/02.Scripts/Common/Password.cs
  artifactKey: Guid(638b0ae995eab4f4fb73dcb97dde55e7) Importer(815301076,1909f56bfc062723c751e8b465ee728b)
Start importing Assets/02.Scripts/Common/Password.cs using Guid(638b0ae995eab4f4fb73dcb97dde55e7) Importer(815301076,1909f56bfc062723c751e8b465ee728b)  -> (artifact id: '9d6aa4384a0d0dca6db42520c4f117d0') in 0.005450 seconds
  Import took 0.007909 seconds .

========================================================================
Received Import Request.
  Time since last request: 50.132636 seconds.
  path: Assets/01.Scenes/BJY/MainScene.unity
  artifactKey: Guid(58ba6fd762d01be40bd991b9f40f11e8) Importer(815301076,1909f56bfc062723c751e8b465ee728b)
Start importing Assets/01.Scenes/BJY/MainScene.unity using Guid(58ba6fd762d01be40bd991b9f40f11e8) Importer(815301076,1909f56bfc062723c751e8b465ee728b)  -> (artifact id: 'c63d0a7d9ce3c2fe53b0f324cecb8bb7') in 0.010687 seconds
  Import took 0.013065 seconds .

========================================================================
Received Prepare
Registering precompiled user dll's ...
Registered in 0.005064 seconds.
Begin MonoManager ReloadAssembly
Native extension for WindowsStandalone target not found
Refreshing native plugins compatible for Editor in 0.42 ms, found 2 plugins.
Preloading 0 native plugins for Editor in 0.00 ms.
Mono: successfully reloaded assembly
- Completed reload, in  0.851 seconds
Platform modules already initialized, skipping
Refreshing native plugins compatible for Editor in 0.42 ms, found 2 plugins.
Preloading 0 native plugins for Editor in 0.00 ms.
Unloading 1415 Unused Serialized files (Serialized files now loaded: 0)
System memory in use before: 74.0 MB.
System memory in use after: 74.1 MB.

Unloading 13 unused Assets to reduce memory usage. Loaded Objects now: 1897.
Total: 1.649600 ms (FindLiveObjects: 0.168400 ms CreateObjectMapping: 0.031700 ms MarkObjects: 1.434800 ms  DeleteObjects: 0.013800 ms)

AssetImportParameters requested are different than current active one (requested -> active):
  requireTextureImportCompression: false -> true
========================================================================
Received Prepare
Registering precompiled user dll's ...
Registered in 0.005111 seconds.
Begin MonoManager ReloadAssembly
Native extension for WindowsStandalone target not found
Refreshing native plugins compatible for Editor in 0.44 ms, found 2 plugins.
Preloading 0 native plugins for Editor in 0.00 ms.
Mono: successfully reloaded assembly
- Completed reload, in  0.859 seconds
Platform modules already initialized, skipping
Refreshing native plugins compatible for Editor in 0.45 ms, found 2 plugins.
Preloading 0 native plugins for Editor in 0.00 ms.
Unloading 1415 Unused Serialized files (Serialized files now loaded: 0)
System memory in use before: 74.0 MB.
System memory in use after: 74.1 MB.

Unloading 13 unused Assets to reduce memory usage. Loaded Objects now: 1900.
Total: 1.650600 ms (FindLiveObjects: 0.167800 ms CreateObjectMapping: 0.031600 ms MarkObjects: 1.436400 ms  DeleteObjects: 0.013900 ms)

AssetImportParameters requested are different than current active one (requested -> active):
  requireTextureImportCompression: false -> true
========================================================================
Received Prepare
Registering precompiled user dll's ...
Registered in 0.004923 seconds.
Begin MonoManager ReloadAssembly
Native extension for WindowsStandalone target not found
Refreshing native plugins compatible for Editor in 0.42 ms, found 2 plugins.
Preloading 0 native plugins for Editor in 0.00 ms.
Mono: successfully reloaded assembly
- Completed reload, in  0.829 seconds
Platform modules already initialized, skipping
Refreshing native plugins compatible for Editor in 0.45 ms, found 2 plugins.
Preloading 0 native plugins for Editor in 0.00 ms.
Unloading 1415 Unused Serialized files (Serialized files now loaded: 0)
System memory in use before: 74.0 MB.
System memory in use after: 74.1 MB.

Unloading 13 unused Assets to reduce memory usage. Loaded Objects now: 1903.
Total: 1.661100 ms (FindLiveObjects: 0.166800 ms CreateObjectMapping: 0.032400 ms MarkObjects: 1.447900 ms  DeleteObjects: 0.013300 ms)

AssetImportParameters requested are different than current active one (requested -> active):
  requireTextureImportCompression: false -> true
========================================================================
Received Prepare
Registering precompiled user dll's ...
Registered in 0.005153 seconds.
Begin MonoManager ReloadAssembly
Native extension for WindowsStandalone target not found
Refreshing native plugins compatible for Editor in 0.42 ms, found 2 plugins.
Preloading 0 native plugins for Editor in 0.00 ms.
Mono: successfully reloaded assembly
- Completed reload, in  0.817 seconds
Platform modules already initialized, skipping
Refreshing native plugins compatible for Editor in 0.53 ms, found 2 plugins.
Preloading 0 native plugins for Editor in 0.00 ms.
Unloading 1415 Unused Serialized files (Serialized files now loaded: 0)
System memory in use before: 74.0 MB.
System memory in use after: 74.1 MB.

Unloading 13 unused Assets to reduce memory usage. Loaded Objects now: 1906.
Total: 1.960200 ms (FindLiveObjects: 0.173700 ms CreateObjectMapping: 0.030600 ms MarkObjects: 1.736200 ms  DeleteObjects: 0.018200 ms)

AssetImportParameters requested are different than current active one (requested -> active):
  requireTextureImportCompression: false -> true
========================================================================
Received Prepare
Registering precompiled user dll's ...
Registered in 0.005635 seconds.
Begin MonoManager ReloadAssembly
Native extension for WindowsStandalone target not found
Refreshing native plugins compatible for Editor in 0.42 ms, found 2 plugins.
Preloading 0 native plugins for Editor in 0.00 ms.
Mono: successfully reloaded assembly
- Completed reload, in  0.814 seconds
Platform modules already initialized, skipping
Refreshing native plugins compatible for Editor in 0.42 ms, found 2 plugins.
Preloading 0 native plugins for Editor in 0.00 ms.
Unloading 1415 Unused Serialized files (Serialized files now loaded: 0)
System memory in use before: 74.0 MB.
System memory in use after: 74.1 MB.

Unloading 13 unused Assets to reduce memory usage. Loaded Objects now: 1909.
Total: 1.985300 ms (FindLiveObjects: 0.162400 ms CreateObjectMapping: 0.032300 ms MarkObjects: 1.771300 ms  DeleteObjects: 0.018200 ms)

AssetImportParameters requested are different than current active one (requested -> active):
  requireTextureImportCompression: false -> true
========================================================================
Received Prepare
Registering precompiled user dll's ...
Registered in 0.005037 seconds.
Begin MonoManager ReloadAssembly
Native extension for WindowsStandalone target not found
Refreshing native plugins compatible for Editor in 0.45 ms, found 2 plugins.
Preloading 0 native plugins for Editor in 0.00 ms.
Mono: successfully reloaded assembly
- Completed reload, in  0.840 seconds
Platform modules already initialized, skipping
Refreshing native plugins compatible for Editor in 0.46 ms, found 2 plugins.
Preloading 0 native plugins for Editor in 0.00 ms.
Unloading 1415 Unused Serialized files (Serialized files now loaded: 0)
System memory in use before: 74.0 MB.
System memory in use after: 74.1 MB.

Unloading 13 unused Assets to reduce memory usage. Loaded Objects now: 1912.
Total: 1.932000 ms (FindLiveObjects: 0.244700 ms CreateObjectMapping: 0.044500 ms MarkObjects: 1.619600 ms  DeleteObjects: 0.022000 ms)

AssetImportParameters requested are different than current active one (requested -> active):
  requireTextureImportCompression: false -> true
========================================================================
Received Prepare
Registering precompiled user dll's ...
Registered in 0.005541 seconds.
Begin MonoManager ReloadAssembly
Native extension for WindowsStandalone target not found
Refreshing native plugins compatible for Editor in 0.42 ms, found 2 plugins.
Preloading 0 native plugins for Editor in 0.00 ms.
Mono: successfully reloaded assembly
- Completed reload, in  0.821 seconds
Platform modules already initialized, skipping
Refreshing native plugins compatible for Editor in 0.42 ms, found 2 plugins.
Preloading 0 native plugins for Editor in 0.00 ms.
Unloading 1415 Unused Serialized files (Serialized files now loaded: 0)
System memory in use before: 74.0 MB.
System memory in use after: 74.1 MB.

Unloading 13 unused Assets to reduce memory usage. Loaded Objects now: 1915.
Total: 1.932500 ms (FindLiveObjects: 0.168300 ms CreateObjectMapping: 0.030800 ms MarkObjects: 1.713400 ms  DeleteObjects: 0.018700 ms)

AssetImportParameters requested are different than current active one (requested -> active):
  requireTextureImportCompression: false -> true
========================================================================
Received Prepare
Registering precompiled user dll's ...
Registered in 0.005076 seconds.
Begin MonoManager ReloadAssembly
Native extension for WindowsStandalone target not found
Refreshing native plugins compatible for Editor in 0.42 ms, found 2 plugins.
Preloading 0 native plugins for Editor in 0.00 ms.
Mono: successfully reloaded assembly
- Completed reload, in  0.811 seconds
Platform modules already initialized, skipping
Refreshing native plugins compatible for Editor in 0.42 ms, found 2 plugins.
Preloading 0 native plugins for Editor in 0.00 ms.
Unloading 1415 Unused Serialized files (Serialized files now loaded: 0)
System memory in use before: 74.0 MB.
System memory in use after: 74.1 MB.

Unloading 13 unused Assets to reduce memory usage. Loaded Objects now: 1918.
Total: 1.948300 ms (FindLiveObjects: 0.180800 ms CreateObjectMapping: 0.031600 ms MarkObjects: 1.716000 ms  DeleteObjects: 0.018400 ms)

AssetImportParameters requested are different than current active one (requested -> active):
  requireTextureImportCompression: false -> true
========================================================================
Received Prepare
Registering precompiled user dll's ...
Registered in 0.005665 seconds.
Begin MonoManager ReloadAssembly
Native extension for WindowsStandalone target not found
Refreshing native plugins compatible for Editor in 0.42 ms, found 2 plugins.
Preloading 0 native plugins for Editor in 0.00 ms.
Mono: successfully reloaded assembly
- Completed reload, in  0.828 seconds
Platform modules already initialized, skipping
Refreshing native plugins compatible for Editor in 0.44 ms, found 2 plugins.
Preloading 0 native plugins for Editor in 0.00 ms.
Unloading 1415 Unused Serialized files (Serialized files now loaded: 0)
System memory in use before: 74.0 MB.
System memory in use after: 74.1 MB.

Unloading 13 unused Assets to reduce memory usage. Loaded Objects now: 1921.
Total: 1.738600 ms (FindLiveObjects: 0.178800 ms CreateObjectMapping: 0.032600 ms MarkObjects: 1.511100 ms  DeleteObjects: 0.014800 ms)

AssetImportParameters requested are different than current active one (requested -> active):
  requireTextureImportCompression: false -> true
AssetImportWorkerClient::OnTransportError - code=2 error=End of file
