Using pre-set license
Built from '2020.3/staging' branch; Version is '2020.3.11f1 (99c7afb366b3) revision 10078127'; Using compiler version '192528614'; Build Type 'Release'
OS: 'Windows 10 Pro; OS build 19042.1110; Version 2009; 64bit' Language: 'ko' Physical Memory: 8150 MB
BatchMode: 1, IsHumanControllingUs: 0, StartBugReporterOnCrash: 0, Is64bit: 1, IsPro: 0

 COMMAND LINE ARGUMENTS:
C:\Program Files\Unity\Hub\Editor\2020.3.11f1\Editor\Unity.exe
-adb2
-batchMode
-noUpm
-name
AssetImportWorker0
-projectPath
C:/Users/admin/Documents/GitHub/YoonSangKyeong/Mermaid's_Secret
-logFile
Logs/AssetImportWorker0.log
-srvPort
57218
Successfully changed project path to: C:/Users/admin/Documents/GitHub/YoonSangKyeong/Mermaid's_Secret
C:/Users/admin/Documents/GitHub/YoonSangKyeong/Mermaid's_Secret
Using Asset Import Pipeline V2.
Refreshing native plugins compatible for Editor in 43.52 ms, found 2 plugins.
Preloading 0 native plugins for Editor in 0.00 ms.
Initialize engine version: 2020.3.11f1 (99c7afb366b3)
[Subsystems] Discovering subsystems at path C:/Program Files/Unity/Hub/Editor/2020.3.11f1/Editor/Data/Resources/UnitySubsystems
[Subsystems] Discovering subsystems at path C:/Users/admin/Documents/GitHub/YoonSangKyeong/Mermaid's_Secret/Assets
GfxDevice: creating device client; threaded=0
Direct3D:
    Version:  Direct3D 11.0 [level 11.1]
    Renderer: NVIDIA GeForce GTX 1050 Ti (ID=0x1c82)
    Vendor:   
    VRAM:     4018 MB
    Driver:   27.21.14.5671
Initialize mono
Mono path[0] = 'C:/Program Files/Unity/Hub/Editor/2020.3.11f1/Editor/Data/Managed'
Mono path[1] = 'C:/Program Files/Unity/Hub/Editor/2020.3.11f1/Editor/Data/MonoBleedingEdge/lib/mono/unityjit'
Mono config path = 'C:/Program Files/Unity/Hub/Editor/2020.3.11f1/Editor/Data/MonoBleedingEdge/etc'
Using monoOptions --debugger-agent=transport=dt_socket,embedding=1,server=y,suspend=n,address=127.0.0.1:56604
Begin MonoManager ReloadAssembly
Registering precompiled unity dll's ...
Register platform support module: C:/Program Files/Unity/Hub/Editor/2020.3.11f1/Editor/Data/PlaybackEngines/WindowsStandaloneSupport/UnityEditor.WindowsStandalone.Extensions.dll
Registered in 0.002151 seconds.
Native extension for WindowsStandalone target not found
Refreshing native plugins compatible for Editor in 43.45 ms, found 2 plugins.
Preloading 0 native plugins for Editor in 0.00 ms.
Mono: successfully reloaded assembly
- Completed reload, in  1.978 seconds
Platform modules already initialized, skipping
Registering precompiled user dll's ...
Registered in 0.004476 seconds.
Begin MonoManager ReloadAssembly
Native extension for WindowsStandalone target not found
Refreshing native plugins compatible for Editor in 0.40 ms, found 2 plugins.
Preloading 0 native plugins for Editor in 0.00 ms.
Mono: successfully reloaded assembly
- Completed reload, in  1.060 seconds
Platform modules already initialized, skipping
========================================================================
Worker process is ready to serve import requests
Launched and connected shader compiler UnityShaderCompiler.exe after 0.05 seconds
Refreshing native plugins compatible for Editor in 0.43 ms, found 2 plugins.
Preloading 0 native plugins for Editor in 0.00 ms.
Unloading 1448 Unused Serialized files (Serialized files now loaded: 0)
System memory in use before: 86.5 MB.
System memory in use after: 86.6 MB.

Unloading 18 unused Assets to reduce memory usage. Loaded Objects now: 1905.
Total: 2.232900 ms (FindLiveObjects: 0.143400 ms CreateObjectMapping: 0.044300 ms MarkObjects: 1.905200 ms  DeleteObjects: 0.124800 ms)

========================================================================
Received Import Request.
  path: Assets/03.Prefabs/Common/Enemy.prefab
  artifactKey: Guid(cdef6f4d24a5d75479aad968f24f9588) Importer(815301076,1909f56bfc062723c751e8b465ee728b)
Start importing Assets/03.Prefabs/Common/Enemy.prefab using Guid(cdef6f4d24a5d75479aad968f24f9588) Importer(815301076,1909f56bfc062723c751e8b465ee728b)  -> (artifact id: 'd1e9eec84f0864fb8cb5556bd16b672e') in 0.567742 seconds
  Import took 0.571542 seconds .

========================================================================
Received Import Request.
  Time since last request: 5.804962 seconds.
  path: Assets/03.Prefabs/Common/Player.prefab
  artifactKey: Guid(b018f62b78acec14fafdf4b5b2a6eb52) Importer(815301076,1909f56bfc062723c751e8b465ee728b)
Start importing Assets/03.Prefabs/Common/Player.prefab using Guid(b018f62b78acec14fafdf4b5b2a6eb52) Importer(815301076,1909f56bfc062723c751e8b465ee728b)  -> (artifact id: 'ceb734f8b24d93dc1493b193fcb92a37') in 0.257085 seconds
  Import took 0.261508 seconds .

========================================================================
Received Import Request.
  Time since last request: 12.572039 seconds.
  path: Assets/03.Prefabs/Common/Player.prefab
  artifactKey: Guid(b018f62b78acec14fafdf4b5b2a6eb52) Importer(815301076,1909f56bfc062723c751e8b465ee728b)
Start importing Assets/03.Prefabs/Common/Player.prefab using Guid(b018f62b78acec14fafdf4b5b2a6eb52) Importer(815301076,1909f56bfc062723c751e8b465ee728b)  -> (artifact id: '7c1d7d1f67f946c8f8648b523528925b') in 0.312566 seconds
  Import took 0.318347 seconds .

========================================================================
Received Import Request.
  Time since last request: 5.691191 seconds.
  path: Assets/03.Prefabs/Common/Item
  artifactKey: Guid(bbe39a54a3f19b34da7e53df056af40d) Importer(815301076,1909f56bfc062723c751e8b465ee728b)
Start importing Assets/03.Prefabs/Common/Item using Guid(bbe39a54a3f19b34da7e53df056af40d) Importer(815301076,1909f56bfc062723c751e8b465ee728b)  -> (artifact id: '4657c9f99e118ed0c0b9bb737a2bc28e') in 0.008780 seconds
  Import took 0.011644 seconds .

AssetImportWorkerClient::OnTransportError - code=2 error=End of file
